   ▲ Next.js 15.2.3
   - Environments: .env.local

   Creating an optimized production build ...
 ✓ Compiled successfully
   Skipping validation of types
   Skipping linting
   Collecting page data ...
   Generating static pages (0/121) ...

 ⨯ useSearchParams() should be wrapped in a suspense boundary at page "/reports/publications". Read more: https://nextjs.org/docs/messages/missing-suspense-with-csr-bailout
    at a (C:\Users\harsh\OneDrive - MSFT\Desktop\IMS Project\IMS-develovers\.next\server\chunks\159.js:3:11414)
    at d (C:\Users\harsh\OneDrive - MSFT\Desktop\IMS Project\IMS-develovers\.next\server\chunks\159.js:5:28715)
    at F (C:\Users\harsh\OneDrive - MSFT\Desktop\IMS Project\IMS-develovers\.next\server\app\reports\publications\page.js:1:5350)
    at nL (C:\Users\harsh\OneDrive - MSFT\Desktop\IMS Project\IMS-develovers\node_modules\next\dist\compiled\next-server\app-page.runtime.prod.js:76:46773)
    at nF (C:\Users\harsh\OneDrive - MSFT\Desktop\IMS Project\IMS-develovers\node_modules\next\dist\compiled\next-server\app-page.runtime.prod.js:76:48548)
    at nq (C:\Users\harsh\OneDrive - MSFT\Desktop\IMS Project\IMS-develovers\node_modules\next\dist\compiled\next-server\app-page.runtime.prod.js:76:67434)
    at nH (C:\Users\harsh\OneDrive - MSFT\Desktop\IMS Project\IMS-develovers\node_modules\next\dist\compiled\next-server\app-page.runtime.prod.js:76:65009)
    at nU (C:\Users\harsh\OneDrive - MSFT\Desktop\IMS Project\IMS-develovers\node_modules\next\dist\compiled\next-server\app-page.runtime.prod.js:76:47125)
    at nF (C:\Users\harsh\OneDrive - MSFT\Desktop\IMS Project\IMS-develovers\node_modules\next\dist\compiled\next-server\app-page.runtime.prod.js:76:48594)
    at nF (C:\Users\harsh\OneDrive - MSFT\Desktop\IMS Project\IMS-develovers\node_modules\next\dist\compiled\next-server\app-page.runtime.prod.js:76:64360)
Error occurred prerendering page "/reports/publications". Read more: https://nextjs.org/docs/messages/prerender-error
Export encountered an error on /reports/publications/page: /reports/publications, exiting the build.
 ⨯ Next.js build worker exited with code: 1 and signal: null
